[32m---------- Welcome to simulate_users![0m
[34m---------- Simulate_user was called without arguments, so I will choose them[0m
[34m-------- Weeday branch: Today is day 2 of the week, I am launching 85 processes[0m
[34m------ Launching 85 processes[0m
[34m---- 1: Selecting dimensions...[0m
[32m---- 1: Selected Browser: chrome[0m
[32m---- 1: Selected Device: desktop[0m
[32m---- 1: Selected Source: paid media[0m
[32m---- 1: Selected Consent level: allow-all-button[0m
[32m---- 1: Selected browsing_flow[0m
[32m-- 1: execute_browsing_flow fired[0m
[34m** 1: I'm starting the browser setup for chrome[0m
[32m-- 1: browser was correctly setup[0m
[32m-- 1: Selected utms: ?utm_source=google&utm_medium=cpc&utm_campaign=test_SEM_campaign[0m
[32m-- 1: Landing page was correctly setup[0m
[34m-- 1: Starting navigation at http://www.thefairycodemother.com/web_playground/apples.php?utm_source=google&utm_medium=cpc&utm_campaign=test_SEM_campaign..[0m
[32m** consent was given successfully as: allow-all-button[0m
[32m-- 1: consent allow-all-button applied[0m
[32m-- 1: Clicked on an internal link[0m
[34m---- 4: Selecting dimensions...[0m
[32m---- 4: Selected Browser: chrome[0m
[32m---- 4: Selected Device: mobile[0m
[32m---- 4: Selected Source: social media[0m
[32m---- 4: Selected Consent level: allow-all-button[0m
[32m---- 4: Selected browsing_flow[0m
[32m-- 4: execute_browsing_flow fired[0m
[34m** 4: I'm starting the browser setup for chrome[0m
[32m-- 4: browser was correctly setup[0m
[32m-- 4: Selected utms: ?utm_source=facebook.com&utm_medium=paid_social&utm_campaign=social_campaign_test1[0m
[32m-- 4: Landing page was correctly setup[0m
[34m-- 4: Starting navigation at http://www.thefairycodemother.com/web_playground/oranges/3.php?utm_source=facebook.com&utm_medium=paid_social&utm_campaign=social_campaign_test1..[0m
[32m-- 4: consent allow-all-button applied[0m
[32m-- 4: Clicked on an internal link[0m
[34m---- 68: Selecting dimensions...[0m
[32m---- 68: Selected Browser: chrome[0m
[32m---- 68: Selected Device: desktop[0m
[32m---- 68: Selected Source: organic[0m
[32m---- 68: Selected Consent level: allow-all-button[0m
[32m---- 68: Selected browsing_flow[0m
[32m-- 68: execute_browsing_flow fired[0m
[34m** 68: I'm starting the browser setup for chrome[0m
[32m-- 68: browser was correctly setup[0m
[32m-- 68: Selected utms: ?utm_source=google&utm_medium=organic[0m
[32m-- 68: Landing page was correctly setup[0m
[34m-- 68: Starting navigation at http://www.thefairycodemother.com/web_playground/apples/2.php?utm_source=google&utm_medium=organic..[0m
[32m-- 68: consent allow-all-button applied[0m
[32m-- 68: Clicked on an internal link[0m
[34m---- 69: Selecting dimensions...[0m
[32m---- 69: Selected Browser: chrome[0m
[32m---- 69: Selected Device: desktop[0m
[32m---- 69: Selected Source: paid media[0m
[32m---- 69: Selected Consent level: deny-all-button[0m
[32m---- 69: Selected browsing_flow[0m
[32m-- 69: execute_browsing_flow fired[0m
[34m** 69: I'm starting the browser setup for chrome[0m
[32m-- 69: browser was correctly setup[0m
[32m-- 69: Selected utms: ?utm_source=google&utm_medium=cpc&utm_campaign=test_SEM_campaign[0m
[32m-- 69: Landing page was correctly setup[0m
[34m-- 69: Starting navigation at http://www.thefairycodemother.com/web_playground/home.php?utm_source=google&utm_medium=cpc&utm_campaign=test_SEM_campaign..[0m
[32m** consent was given successfully as: deny-all-button[0m
[32m-- 69: consent deny-all-button applied[0m
[32m-- 69: Clicked on an internal link[0m
[34m---- 60: Selecting dimensions...[0m
[32m---- 60: Selected Browser: chrome[0m
[32m---- 60: Selected Device: desktop[0m
[32m---- 60: Selected Source: direct[0m
[32m---- 60: Selected Consent level: deny-all-button[0m
[32m---- 60: Selected browsing_flow[0m
[32m-- 60: execute_browsing_flow fired[0m
[34m** 60: I'm starting the browser setup for chrome[0m
[32m-- 60: browser was correctly setup[0m
[32m-- 60: Selected utms: [0m
[32m-- 60: Landing page was correctly setup[0m
[34m-- 60: Starting navigation at http://www.thefairycodemother.com/web_playground/apples/3.php..[0m
[32m-- 60: consent deny-all-button applied[0m
[32m-- 60: Clicked on an internal link[0m
[34m-- 60: product page branch started[0m
[32m-- 60:  got to product page[0m
[34m---- 0: Selecting dimensions...[0m
[32m---- 0: Selected Browser: chrome[0m
[32m---- 0: Selected Device: desktop[0m
[32m---- 0: Selected Source: paid media[0m
[32m---- 0: Selected Consent level: deny-all-button[0m
[32m---- 0: Selected purchase_flow[0m
[32m-- 0: execute_purchase_flow fired[0m
[34m** 0: I'm starting the browser setup for chrome[0m
[32m-- 0: Selected utms: ?utm_source=google&utm_medium=cpc&utm_campaign=test_SEM_campaign[0m
[32m** consent was given successfully as: deny-all-button[0m
[35m** ga_cookie is None[0m
[32m-- got to product page[0m
[32m** Added to cart[0m
[32m-- 0: begin checkout[0m
[32m-- 0: purchase happened[0m
[34m---- 76: Selecting dimensions...[0m
[32m---- 76: Selected Browser: chrome[0m
[32m---- 76: Selected Device: desktop[0m
[32m---- 76: Selected Source: social media[0m
[32m---- 76: Selected Consent level: deny-all-button[0m
[32m---- 76: Selected browsing_flow[0m
[32m-- 76: execute_browsing_flow fired[0m
[34m** 76: I'm starting the browser setup for chrome[0m
[32m-- 76: browser was correctly setup[0m
[32m-- 76: Selected utms: ?utm_source=facebook.com&utm_medium=paid_social&utm_campaign=social_campaign_test1[0m
[32m-- 76: Landing page was correctly setup[0m
[34m-- 76: Starting navigation at http://www.thefairycodemother.com/web_playground/oranges.php?utm_source=facebook.com&utm_medium=paid_social&utm_campaign=social_campaign_test1..[0m
[32m** consent was given successfully as: deny-all-button[0m
[32m-- 76: consent deny-all-button applied[0m
[32m-- 76: Clicked on an internal link[0m
[34m-- 76: product page branch started[0m
[32m-- 76:  got to product page[0m
[34m---- 8: Selecting dimensions...[0m
[32m---- 8: Selected Browser: chrome[0m
[32m---- 8: Selected Device: mobile[0m
[32m---- 8: Selected Source: organic[0m
[32m---- 8: Selected Consent level: allow-all-button[0m
[32m---- 8: Selected browsing_flow[0m
[32m-- 8: execute_browsing_flow fired[0m
[34m** 8: I'm starting the browser setup for chrome[0m
[32m-- 8: browser was correctly setup[0m
[32m-- 8: Selected utms: ?utm_source=google&utm_medium=organic[0m
[32m-- 8: Landing page was correctly setup[0m
[34m-- 8: Starting navigation at http://www.thefairycodemother.com/web_playground/oranges.php?utm_source=google&utm_medium=organic..[0m
[32m-- 8: consent allow-all-button applied[0m
[32m-- 8: Clicked on an internal link[0m
[34m---- 79: Selecting dimensions...[0m
[32m---- 79: Selected Browser: chrome[0m
[32m---- 79: Selected Device: desktop[0m
[32m---- 79: Selected Source: paid media[0m
[32m---- 79: Selected Consent level: deny-all-button[0m
[32m---- 79: Selected browsing_flow[0m
[32m-- 79: execute_browsing_flow fired[0m
[34m** 79: I'm starting the browser setup for chrome[0m
[32m-- 79: browser was correctly setup[0m
[32m-- 79: Selected utms: ?utm_source=google&utm_medium=cpc&utm_campaign=test_SEM_campaign[0m
[32m-- 79: Landing page was correctly setup[0m
[34m-- 79: Starting navigation at http://www.thefairycodemother.com/web_playground/apples/2.php?utm_source=google&utm_medium=cpc&utm_campaign=test_SEM_campaign..[0m
[32m-- 79: consent deny-all-button applied[0m
[32m-- 79: Clicked on an internal link[0m
[34m-- 79: product page branch started[0m
[32m-- 79:  got to product page[0m
[34m---- 66: Selecting dimensions...[0m
[32m---- 66: Selected Browser: chrome[0m
[32m---- 66: Selected Device: desktop[0m
[32m---- 66: Selected Source: direct[0m
[32m---- 66: Selected Consent level: deny-all-button[0m
[32m---- 66: Selected browsing_flow[0m
[32m-- 66: execute_browsing_flow fired[0m
[34m** 66: I'm starting the browser setup for chrome[0m
[32m-- 66: browser was correctly setup[0m
[32m-- 66: Selected utms: [0m
[32m-- 66: Landing page was correctly setup[0m
[34m-- 66: Starting navigation at http://www.thefairycodemother.com/web_playground/apples/2.php..[0m
[32m-- 66: consent deny-all-button applied[0m
[32m-- 66: Clicked on an internal link[0m
[34m---- 64: Selecting dimensions...[0m
[32m---- 64: Selected Browser: chrome[0m
[32m---- 64: Selected Device: desktop[0m
[32m---- 64: Selected Source: organic[0m
[32m---- 64: Selected Consent level: deny-all-button[0m
[32m---- 64: Selected browsing_flow[0m
[32m-- 64: execute_browsing_flow fired[0m
[34m** 64: I'm starting the browser setup for chrome[0m
[32m-- 64: browser was correctly setup[0m
[32m-- 64: Selected utms: ?utm_source=google&utm_medium=organic[0m
[32m-- 64: Landing page was correctly setup[0m
[34m-- 64: Starting navigation at http://www.thefairycodemother.com/web_playground/oranges.php?utm_source=google&utm_medium=organic..[0m
[32m** consent was given successfully as: deny-all-button[0m
[32m-- 64: consent deny-all-button applied[0m
[32m-- 64: Clicked on an internal link[0m
[34m-- 64: product page branch started[0m
[32m-- 64:  got to product page[0m
[34m---- 73: Selecting dimensions...[0m
[32m---- 73: Selected Browser: chrome[0m
[32m---- 73: Selected Device: mobile[0m
[32m---- 73: Selected Source: paid media[0m
[32m---- 73: Selected Consent level: allow-all-button[0m
[32m---- 73: Selected purchase_flow[0m
[32m-- 73: execute_purchase_flow fired[0m
[34m** 73: I'm starting the browser setup for chrome[0m
[32m-- 73: Selected utms: ?utm_source=google&utm_medium=cpc&utm_campaign=test_SEM_campaign[0m
[32m** consent was given successfully as: allow-all-button[0m
[32m-- got to product page[0m
[32m** Added to cart[0m
[32m-- 73: begin checkout[0m
[32m-- 73: purchase happened[0m
[34m---- 83: Selecting dimensions...[0m
[32m---- 83: Selected Browser: chrome[0m
[32m---- 83: Selected Device: mobile[0m
[32m---- 83: Selected Source: direct[0m
[32m---- 83: Selected Consent level: allow-all-button[0m
[32m---- 83: Selected purchase_flow[0m
[32m-- 83: execute_purchase_flow fired[0m
[34m** 83: I'm starting the browser setup for chrome[0m
[32m-- 83: Selected utms: [0m
[32m** consent was given successfully as: allow-all-button[0m
[32m-- got to product page[0m
[32m** Added to cart[0m
[32m-- 83: begin checkout[0m
[32m-- 83: purchase happened[0m
[34m---- 72: Selecting dimensions...[0m
[32m---- 72: Selected Browser: chrome[0m
[32m---- 72: Selected Device: mobile[0m
[32m---- 72: Selected Source: social media[0m
[32m---- 72: Selected Consent level: allow-all-button[0m
[32m---- 72: Selected browsing_flow[0m
[32m-- 72: execute_browsing_flow fired[0m
[34m** 72: I'm starting the browser setup for chrome[0m
[32m-- 72: browser was correctly setup[0m
[32m-- 72: Selected utms: ?utm_source=facebook.com&utm_medium=paid_social&utm_campaign=social_campaign_test1[0m
[32m-- 72: Landing page was correctly setup[0m
[34m-- 72: Starting navigation at http://www.thefairycodemother.com/web_playground/apples/1.php?utm_source=facebook.com&utm_medium=paid_social&utm_campaign=social_campaign_test1..[0m
[32m** consent was given successfully as: allow-all-button[0m
[32m-- 72: consent allow-all-button applied[0m
[32m-- 72: Clicked on an internal link[0m
[34m-- 72: product page branch started[0m
[32m-- 72:  got to product page[0m
[34m---- 47: Selecting dimensions...[0m
[32m---- 47: Selected Browser: chrome[0m
[32m---- 47: Selected Device: mobile[0m
[32m---- 47: Selected Source: paid media[0m
[32m---- 47: Selected Consent level: allow-all-button[0m
[32m---- 47: Selected browsing_flow[0m
[32m-- 47: execute_browsing_flow fired[0m
[34m** 47: I'm starting the browser setup for chrome[0m
[32m-- 47: browser was correctly setup[0m
[32m-- 47: Selected utms: ?utm_source=google&utm_medium=cpc&utm_campaign=test_SEM_campaign[0m
[32m-- 47: Landing page was correctly setup[0m
[34m-- 47: Starting navigation at http://www.thefairycodemother.com/web_playground/home.php?utm_source=google&utm_medium=cpc&utm_campaign=test_SEM_campaign..[0m
[32m-- 47: consent allow-all-button applied[0m
[32m-- 47: Clicked on an internal link[0m
[34m-- 47: product page branch started[0m
[32m-- 47:  got to product page[0m
[34m---- 37: Selecting dimensions...[0m
[32m---- 37: Selected Browser: chrome[0m
[32m---- 37: Selected Device: desktop[0m
[32m---- 37: Selected Source: paid media[0m
[32m---- 37: Selected Consent level: allow-all-button[0m
[32m---- 37: Selected browsing_flow[0m
[32m-- 37: execute_browsing_flow fired[0m
[34m** 37: I'm starting the browser setup for chrome[0m
[32m-- 37: browser was correctly setup[0m
[32m-- 37: Selected utms: ?utm_source=google&utm_medium=cpc&utm_campaign=test_SEM_campaign[0m
[32m-- 37: Landing page was correctly setup[0m
[34m-- 37: Starting navigation at http://www.thefairycodemother.com/web_playground/oranges.php?utm_source=google&utm_medium=cpc&utm_campaign=test_SEM_campaign..[0m
[32m-- 37: consent allow-all-button applied[0m
[32m-- 37: Clicked on an internal link[0m
[34m---- 34: Selecting dimensions...[0m
[32m---- 34: Selected Browser: chrome[0m
[32m---- 34: Selected Device: mobile[0m
[32m---- 34: Selected Source: organic[0m
[32m---- 34: Selected Consent level: deny-all-button[0m
[32m---- 34: Selected browsing_flow[0m
[32m-- 34: execute_browsing_flow fired[0m
[34m** 34: I'm starting the browser setup for chrome[0m
[32m-- 34: browser was correctly setup[0m
[32m-- 34: Selected utms: ?utm_source=google&utm_medium=organic[0m
[32m-- 34: Landing page was correctly setup[0m
[34m-- 34: Starting navigation at http://www.thefairycodemother.com/web_playground/home.php?utm_source=google&utm_medium=organic..[0m
[32m-- 34: consent deny-all-button applied[0m
[32m-- 34: Clicked on an internal link[0m
[34m---- 31: Selecting dimensions...[0m
[32m---- 31: Selected Browser: chrome[0m
[32m---- 31: Selected Device: mobile[0m
[32m---- 31: Selected Source: direct[0m
[32m---- 31: Selected Consent level: allow-all-button[0m
[32m---- 31: Selected browsing_flow[0m
[32m-- 31: execute_browsing_flow fired[0m
[34m** 31: I'm starting the browser setup for chrome[0m
[32m-- 31: browser was correctly setup[0m
[32m-- 31: Selected utms: [0m
[32m-- 31: Landing page was correctly setup[0m
[34m-- 31: Starting navigation at http://www.thefairycodemother.com/web_playground/apples/3.php..[0m
[32m-- 31: consent allow-all-button applied[0m
[32m-- 31: Clicked on an internal link[0m
[34m---- 22: Selecting dimensions...[0m
[32m---- 22: Selected Browser: chrome[0m
[32m---- 22: Selected Device: mobile[0m
[32m---- 22: Selected Source: direct[0m
[32m---- 22: Selected Consent level: allow-all-button[0m
[32m---- 22: Selected browsing_flow[0m
[32m-- 22: execute_browsing_flow fired[0m
[34m** 22: I'm starting the browser setup for chrome[0m
[32m-- 22: browser was correctly setup[0m
[32m-- 22: Selected utms: [0m
[32m-- 22: Landing page was correctly setup[0m
[34m-- 22: Starting navigation at http://www.thefairycodemother.com/web_playground/kiwis/3.php..[0m
[32m-- 22: consent allow-all-button applied[0m
[32m-- 22: Clicked on an internal link[0m
[34m---- 23: Selecting dimensions...[0m
[32m---- 23: Selected Browser: chrome[0m
[32m---- 23: Selected Device: mobile[0m
[32m---- 23: Selected Source: paid media[0m
[32m---- 23: Selected Consent level: allow-all-button[0m
[32m---- 23: Selected browsing_flow[0m
[32m-- 23: execute_browsing_flow fired[0m
[34m** 23: I'm starting the browser setup for chrome[0m
[32m-- 23: browser was correctly setup[0m
[32m-- 23: Selected utms: ?utm_source=google&utm_medium=cpc&utm_campaign=test_SEM_campaign[0m
[32m-- 23: Landing page was correctly setup[0m
[34m-- 23: Starting navigation at http://www.thefairycodemother.com/web_playground/home.php?utm_source=google&utm_medium=cpc&utm_campaign=test_SEM_campaign..[0m
[32m-- 23: consent allow-all-button applied[0m
[32m-- 23: Clicked on an internal link[0m
[34m---- 43: Selecting dimensions...[0m
[32m---- 43: Selected Browser: chrome[0m
[32m---- 43: Selected Device: mobile[0m
[32m---- 43: Selected Source: organic[0m
[32m---- 43: Selected Consent level: deny-all-button[0m
[32m---- 43: Selected browsing_flow[0m
[32m-- 43: execute_browsing_flow fired[0m
[34m** 43: I'm starting the browser setup for chrome[0m
[32m-- 43: browser was correctly setup[0m
[32m-- 43: Selected utms: ?utm_source=google&utm_medium=organic[0m
[32m-- 43: Landing page was correctly setup[0m
[34m-- 43: Starting navigation at http://www.thefairycodemother.com/web_playground/home.php?utm_source=google&utm_medium=organic..[0m
[32m-- 43: consent deny-all-button applied[0m
[32m-- 43: Clicked on an internal link[0m
[34m---- 18: Selecting dimensions...[0m
[32m---- 18: Selected Browser: chrome[0m
[32m---- 18: Selected Device: mobile[0m
[32m---- 18: Selected Source: social media[0m
[32m---- 18: Selected Consent level: allow-all-button[0m
[32m---- 18: Selected browsing_flow[0m
[32m-- 18: execute_browsing_flow fired[0m
[34m** 18: I'm starting the browser setup for chrome[0m
[32m-- 18: browser was correctly setup[0m
[32m-- 18: Selected utms: ?utm_source=facebook.com&utm_medium=paid_social&utm_campaign=social_campaign_test1[0m
[32m-- 18: Landing page was correctly setup[0m
[34m-- 18: Starting navigation at http://www.thefairycodemother.com/web_playground/home.php?utm_source=facebook.com&utm_medium=paid_social&utm_campaign=social_campaign_test1..[0m
[32m-- 18: consent allow-all-button applied[0m
[32m-- 18: Clicked on an internal link[0m
[34m---- 53: Selecting dimensions...[0m
[32m---- 53: Selected Browser: chrome[0m
[32m---- 53: Selected Device: mobile[0m
[32m---- 53: Selected Source: paid media[0m
[32m---- 53: Selected Consent level: allow-all-button[0m
[32m---- 53: Selected browsing_flow[0m
[32m-- 53: execute_browsing_flow fired[0m
[34m** 53: I'm starting the browser setup for chrome[0m
[32m-- 53: browser was correctly setup[0m
[32m-- 53: Selected utms: ?utm_source=google&utm_medium=cpc&utm_campaign=test_SEM_campaign[0m
[32m-- 53: Landing page was correctly setup[0m
[34m-- 53: Starting navigation at http://www.thefairycodemother.com/web_playground/home.php?utm_source=google&utm_medium=cpc&utm_campaign=test_SEM_campaign..[0m
[32m-- 53: consent allow-all-button applied[0m
[32m-- 53: Clicked on an internal link[0m
[34m---- 51: Selecting dimensions...[0m
[32m---- 51: Selected Browser: chrome[0m
[32m---- 51: Selected Device: mobile[0m
[32m---- 51: Selected Source: direct[0m
[32m---- 51: Selected Consent level: allow-all-button[0m
[32m---- 51: Selected browsing_flow[0m
[32m-- 51: execute_browsing_flow fired[0m
[34m** 51: I'm starting the browser setup for chrome[0m
[32m-- 51: browser was correctly setup[0m
[32m-- 51: Selected utms: [0m
[32m-- 51: Landing page was correctly setup[0m
[34m-- 51: Starting navigation at http://www.thefairycodemother.com/web_playground/kiwis.php..[0m
[32m** consent was given successfully as: allow-all-button[0m
[32m-- 51: consent allow-all-button applied[0m
[32m-- 51: Clicked on an internal link[0m
[34m---- 30: Selecting dimensions...[0m
[32m---- 30: Selected Browser: chrome[0m
[32m---- 30: Selected Device: mobile[0m
[32m---- 30: Selected Source: direct[0m
[32m---- 30: Selected Consent level: allow-all-button[0m
[32m---- 30: Selected browsing_flow[0m
[32m-- 30: execute_browsing_flow fired[0m
[34m** 30: I'm starting the browser setup for chrome[0m
[32m-- 30: browser was correctly setup[0m
[32m-- 30: Selected utms: [0m
[32m-- 30: Landing page was correctly setup[0m
[34m-- 30: Starting navigation at http://www.thefairycodemother.com/web_playground/oranges/3.php..[0m
[32m-- 30: consent allow-all-button applied[0m
[32m-- 30: Clicked on an internal link[0m
[34m---- 5: Selecting dimensions...[0m
[32m---- 5: Selected Browser: chrome[0m
[32m---- 5: Selected Device: mobile[0m
[32m---- 5: Selected Source: direct[0m
[32m---- 5: Selected Consent level: allow-all-button[0m
[32m---- 5: Selected browsing_flow[0m
[32m-- 5: execute_browsing_flow fired[0m
[34m** 5: I'm starting the browser setup for chrome[0m
[32m-- 5: browser was correctly setup[0m
[32m-- 5: Selected utms: [0m
[32m-- 5: Landing page was correctly setup[0m
[34m-- 5: Starting navigation at http://www.thefairycodemother.com/web_playground/home.php..[0m
[32m-- 5: consent allow-all-button applied[0m
[32m-- 5: Clicked on an internal link[0m
[34m---- 33: Selecting dimensions...[0m
[32m---- 33: Selected Browser: chrome[0m
[32m---- 33: Selected Device: mobile[0m
[32m---- 33: Selected Source: direct[0m
[32m---- 33: Selected Consent level: allow-all-button[0m
[32m---- 33: Selected browsing_flow[0m
[32m-- 33: execute_browsing_flow fired[0m
[34m** 33: I'm starting the browser setup for chrome[0m
[32m-- 33: browser was correctly setup[0m
[32m-- 33: Selected utms: [0m
[32m-- 33: Landing page was correctly setup[0m
[34m-- 33: Starting navigation at http://www.thefairycodemother.com/web_playground/oranges/2.php..[0m
[32m** consent was given successfully as: allow-all-button[0m
[32m-- 33: consent allow-all-button applied[0m
[32m-- 33: Clicked on an internal link[0m
[34m-- 33: product page branch started[0m
[32m-- 33:  got to product page[0m
[34m---- 40: Selecting dimensions...[0m
[32m---- 40: Selected Browser: chrome[0m
[32m---- 40: Selected Device: mobile[0m
[32m---- 40: Selected Source: direct[0m
[32m---- 40: Selected Consent level: allow-all-button[0m
[32m---- 40: Selected browsing_flow[0m
[32m-- 40: execute_browsing_flow fired[0m
[34m** 40: I'm starting the browser setup for chrome[0m
[32m-- 40: browser was correctly setup[0m
[32m-- 40: Selected utms: [0m
[32m-- 40: Landing page was correctly setup[0m
[34m-- 40: Starting navigation at http://www.thefairycodemother.com/web_playground/apples/2.php..[0m
[32m-- 40: consent allow-all-button applied[0m
[32m-- 40: Clicked on an internal link[0m
[34m-- 40: product page branch started[0m
[32m-- 40:  got to product page[0m
[34m---- 28: Selecting dimensions...[0m
[32m---- 28: Selected Browser: chrome[0m
[32m---- 28: Selected Device: mobile[0m
[32m---- 28: Selected Source: organic[0m
[32m---- 28: Selected Consent level: allow-all-button[0m
[32m---- 28: Selected browsing_flow[0m
[32m-- 28: execute_browsing_flow fired[0m
[34m** 28: I'm starting the browser setup for chrome[0m
[32m-- 28: browser was correctly setup[0m
[32m-- 28: Selected utms: ?utm_source=google&utm_medium=organic[0m
[32m-- 28: Landing page was correctly setup[0m
[34m-- 28: Starting navigation at http://www.thefairycodemother.com/web_playground/home.php?utm_source=google&utm_medium=organic..[0m
[32m-- 28: consent allow-all-button applied[0m
[32m-- 28: Clicked on an internal link[0m
[34m-- 28: product page branch started[0m
[32m-- 28:  got to product page[0m
[34m---- 39: Selecting dimensions...[0m
[32m---- 39: Selected Browser: chrome[0m
[32m---- 39: Selected Device: mobile[0m
[32m---- 39: Selected Source: social media[0m
[32m---- 39: Selected Consent level: allow-all-button[0m
[32m---- 39: Selected browsing_flow[0m
[32m-- 39: execute_browsing_flow fired[0m
[34m** 39: I'm starting the browser setup for chrome[0m
[32m-- 39: browser was correctly setup[0m
[32m-- 39: Selected utms: ?utm_source=facebook.com&utm_medium=paid_social&utm_campaign=social_campaign_test1[0m
[32m-- 39: Landing page was correctly setup[0m
[34m-- 39: Starting navigation at http://www.thefairycodemother.com/web_playground/kiwis/2.php?utm_source=facebook.com&utm_medium=paid_social&utm_campaign=social_campaign_test1..[0m
[32m-- 39: consent allow-all-button applied[0m
[32m-- 39: Clicked on an internal link[0m
[34m-- 39: product page branch started[0m
[32m-- 39:  got to product page[0m
[34m---- 24: Selecting dimensions...[0m
[32m---- 24: Selected Browser: chrome[0m
[32m---- 24: Selected Device: desktop[0m
[32m---- 24: Selected Source: social media[0m
[32m---- 24: Selected Consent level: deny-all-button[0m
[32m---- 24: Selected browsing_flow[0m
[32m-- 24: execute_browsing_flow fired[0m
[34m** 24: I'm starting the browser setup for chrome[0m
[32m-- 24: browser was correctly setup[0m
[32m-- 24: Selected utms: ?utm_source=facebook.com&utm_medium=paid_social&utm_campaign=social_campaign_test1[0m
[32m-- 24: Landing page was correctly setup[0m
[34m-- 24: Starting navigation at http://www.thefairycodemother.com/web_playground/home.php?utm_source=facebook.com&utm_medium=paid_social&utm_campaign=social_campaign_test1..[0m
[32m** consent was given successfully as: deny-all-button[0m
[32m-- 24: consent deny-all-button applied[0m
[32m-- 24: Clicked on an internal link[0m
[34m---- 49: Selecting dimensions...[0m
[32m---- 49: Selected Browser: chrome[0m
[32m---- 49: Selected Device: mobile[0m
[32m---- 49: Selected Source: direct[0m
[32m---- 49: Selected Consent level: allow-all-button[0m
[32m---- 49: Selected browsing_flow[0m
[32m-- 49: execute_browsing_flow fired[0m
[34m** 49: I'm starting the browser setup for chrome[0m
[32m-- 49: browser was correctly setup[0m
[32m-- 49: Selected utms: [0m
[32m-- 49: Landing page was correctly setup[0m
[34m-- 49: Starting navigation at http://www.thefairycodemother.com/web_playground/home.php..[0m
[32m-- 49: consent allow-all-button applied[0m
[32m-- 49: Clicked on an internal link[0m
[34m-- 49: product page branch started[0m
[32m-- 49:  got to product page[0m
[34m-- 49: add to cart branch started[0m
[32m-- 49: added to cart[0m
[34m---- 65: Selecting dimensions...[0m
[32m---- 65: Selected Browser: chrome[0m
[32m---- 65: Selected Device: desktop[0m
[32m---- 65: Selected Source: direct[0m
[32m---- 65: Selected Consent level: deny-all-button[0m
[32m---- 65: Selected browsing_flow[0m
[32m-- 65: execute_browsing_flow fired[0m
[34m** 65: I'm starting the browser setup for chrome[0m
[32m-- 65: browser was correctly setup[0m
[32m-- 65: Selected utms: [0m
[32m-- 65: Landing page was correctly setup[0m
[34m-- 65: Starting navigation at http://www.thefairycodemother.com/web_playground/home.php..[0m
[32m-- 65: consent deny-all-button applied[0m
[32m-- 65: Clicked on an internal link[0m
[34m-- 65: product page branch started[0m
[32m-- 65:  got to product page[0m
[34m-- 65: add to cart branch started[0m
[32m-- 65: added to cart[0m
[34m---- 54: Selecting dimensions...[0m
[32m---- 54: Selected Browser: chrome[0m
[32m---- 54: Selected Device: mobile[0m
[32m---- 54: Selected Source: paid media[0m
[32m---- 54: Selected Consent level: allow-all-button[0m
[32m---- 54: Selected browsing_flow[0m
[32m-- 54: execute_browsing_flow fired[0m
[34m** 54: I'm starting the browser setup for chrome[0m
[32m-- 54: browser was correctly setup[0m
[32m-- 54: Selected utms: ?utm_source=google&utm_medium=cpc&utm_campaign=test_SEM_campaign[0m
[32m-- 54: Landing page was correctly setup[0m
[34m-- 54: Starting navigation at http://www.thefairycodemother.com/web_playground/home.php?utm_source=google&utm_medium=cpc&utm_campaign=test_SEM_campaign..[0m
[32m-- 54: consent allow-all-button applied[0m
[32m-- 54: Clicked on an internal link[0m
[34m-- 54: product page branch started[0m
[32m-- 54:  got to product page[0m
[34m-- 54: add to cart branch started[0m
[32m-- 54: added to cart[0m
[34m---- 25: Selecting dimensions...[0m
[32m---- 25: Selected Browser: chrome[0m
[32m---- 25: Selected Device: mobile[0m
[32m---- 25: Selected Source: organic[0m
[32m---- 25: Selected Consent level: allow-all-button[0m
[32m---- 25: Selected browsing_flow[0m
[32m-- 25: execute_browsing_flow fired[0m
[34m** 25: I'm starting the browser setup for chrome[0m
[32m-- 25: browser was correctly setup[0m
[32m-- 25: Selected utms: ?utm_source=google&utm_medium=organic[0m
[32m-- 25: Landing page was correctly setup[0m
[34m-- 25: Starting navigation at http://www.thefairycodemother.com/web_playground/oranges/3.php?utm_source=google&utm_medium=organic..[0m
[32m-- 25: consent allow-all-button applied[0m
[32m-- 25: Clicked on an internal link[0m
[34m-- 25: product page branch started[0m
[32m-- 25:  got to product page[0m
[34m---- 38: Selecting dimensions...[0m
[32m---- 38: Selected Browser: chrome[0m
[32m---- 38: Selected Device: desktop[0m
[32m---- 38: Selected Source: organic[0m
[32m---- 38: Selected Consent level: allow-all-button[0m
[32m---- 38: Selected browsing_flow[0m
[32m-- 38: execute_browsing_flow fired[0m
[34m** 38: I'm starting the browser setup for chrome[0m
[32m-- 38: browser was correctly setup[0m
[32m-- 38: Selected utms: ?utm_source=google&utm_medium=organic[0m
[32m-- 38: Landing page was correctly setup[0m
[34m-- 38: Starting navigation at http://www.thefairycodemother.com/web_playground/home.php?utm_source=google&utm_medium=organic..[0m
[32m** consent was given successfully as: allow-all-button[0m
[32m-- 38: consent allow-all-button applied[0m
[32m-- 38: Clicked on an internal link[0m
[34m---- 78: Selecting dimensions...[0m
[32m---- 78: Selected Browser: chrome[0m
[32m---- 78: Selected Device: desktop[0m
[32m---- 78: Selected Source: direct[0m
[32m---- 78: Selected Consent level: allow-all-button[0m
[32m---- 78: Selected browsing_flow[0m
[32m-- 78: execute_browsing_flow fired[0m
[34m** 78: I'm starting the browser setup for chrome[0m
[32m-- 78: browser was correctly setup[0m
[32m-- 78: Selected utms: [0m
[32m-- 78: Landing page was correctly setup[0m
[34m-- 78: Starting navigation at http://www.thefairycodemother.com/web_playground/oranges.php..[0m
[32m-- 78: consent allow-all-button applied[0m
[32m-- 78: Clicked on an internal link[0m
[34m-- 78: product page branch started[0m
[32m-- 78:  got to product page[0m
[34m-- 78: add to cart branch started[0m
[32m-- 78: added to cart[0m
[34m---- 32: Selecting dimensions...[0m
[32m---- 32: Selected Browser: chrome[0m
[32m---- 32: Selected Device: mobile[0m
[32m---- 32: Selected Source: social media[0m
[32m---- 32: Selected Consent level: deny-all-button[0m
[32m---- 32: Selected browsing_flow[0m
[32m-- 32: execute_browsing_flow fired[0m
[34m** 32: I'm starting the browser setup for chrome[0m
[32m-- 32: browser was correctly setup[0m
[32m-- 32: Selected utms: ?utm_source=facebook.com&utm_medium=paid_social&utm_campaign=social_campaign_test1[0m
[32m-- 32: Landing page was correctly setup[0m
[34m-- 32: Starting navigation at http://www.thefairycodemother.com/web_playground/oranges/3.php?utm_source=facebook.com&utm_medium=paid_social&utm_campaign=social_campaign_test1..[0m
[32m** consent was given successfully as: deny-all-button[0m
[32m-- 32: consent deny-all-button applied[0m
[32m-- 32: Clicked on an internal link[0m
[34m---- 44: Selecting dimensions...[0m
[32m---- 44: Selected Browser: chrome[0m
[32m---- 44: Selected Device: desktop[0m
[32m---- 44: Selected Source: social media[0m
[32m---- 44: Selected Consent level: deny-all-button[0m
[32m---- 44: Selected browsing_flow[0m
[32m-- 44: execute_browsing_flow fired[0m
[34m** 44: I'm starting the browser setup for chrome[0m
[32m-- 44: browser was correctly setup[0m
[32m-- 44: Selected utms: ?utm_source=facebook.com&utm_medium=paid_social&utm_campaign=social_campaign_test1[0m
[32m-- 44: Landing page was correctly setup[0m
[34m-- 44: Starting navigation at http://www.thefairycodemother.com/web_playground/home.php?utm_source=facebook.com&utm_medium=paid_social&utm_campaign=social_campaign_test1..[0m
[32m** consent was given successfully as: deny-all-button[0m
[32m-- 44: consent deny-all-button applied[0m
[32m-- 44: Clicked on an internal link[0m
[34m-- 44: product page branch started[0m
[32m-- 44:  got to product page[0m
[34m---- 52: Selecting dimensions...[0m
[32m---- 52: Selected Browser: chrome[0m
[32m---- 52: Selected Device: mobile[0m
[32m---- 52: Selected Source: paid media[0m
[32m---- 52: Selected Consent level: allow-all-button[0m
[32m---- 52: Selected browsing_flow[0m
[32m-- 52: execute_browsing_flow fired[0m
[34m** 52: I'm starting the browser setup for chrome[0m
[32m-- 52: browser was correctly setup[0m
[32m-- 52: Selected utms: ?utm_source=google&utm_medium=cpc&utm_campaign=test_SEM_campaign[0m
[32m-- 52: Landing page was correctly setup[0m
[34m-- 52: Starting navigation at http://www.thefairycodemother.com/web_playground/kiwis.php?utm_source=google&utm_medium=cpc&utm_campaign=test_SEM_campaign..[0m
[32m** consent was given successfully as: allow-all-button[0m
[32m-- 52: consent allow-all-button applied[0m
[32m-- 52: Clicked on an internal link[0m
[34m---- 36: Selecting dimensions...[0m
[32m---- 36: Selected Browser: chrome[0m
[32m---- 36: Selected Device: mobile[0m
[32m---- 36: Selected Source: social media[0m
[32m---- 36: Selected Consent level: allow-all-button[0m
[32m---- 36: Selected browsing_flow[0m
[32m-- 36: execute_browsing_flow fired[0m
[34m** 36: I'm starting the browser setup for chrome[0m
[32m-- 36: browser was correctly setup[0m
[32m-- 36: Selected utms: ?utm_source=facebook.com&utm_medium=paid_social&utm_campaign=social_campaign_test1[0m
[32m-- 36: Landing page was correctly setup[0m
[34m-- 36: Starting navigation at http://www.thefairycodemother.com/web_playground/home.php?utm_source=facebook.com&utm_medium=paid_social&utm_campaign=social_campaign_test1..[0m
[32m** consent was given successfully as: allow-all-button[0m
[32m-- 36: consent allow-all-button applied[0m
[32m-- 36: Clicked on an internal link[0m
[34m---- 16: Selecting dimensions...[0m
[32m---- 16: Selected Browser: chrome[0m
[32m---- 16: Selected Device: mobile[0m
[32m---- 16: Selected Source: organic[0m
[32m---- 16: Selected Consent level: allow-all-button[0m
[32m---- 16: Selected browsing_flow[0m
[32m-- 16: execute_browsing_flow fired[0m
[34m** 16: I'm starting the browser setup for chrome[0m
[32m-- 16: browser was correctly setup[0m
[32m-- 16: Selected utms: ?utm_source=google&utm_medium=organic[0m
[32m-- 16: Landing page was correctly setup[0m
[34m-- 16: Starting navigation at http://www.thefairycodemother.com/web_playground/kiwis/2.php?utm_source=google&utm_medium=organic..[0m
[32m** consent was given successfully as: allow-all-button[0m
[32m-- 16: consent allow-all-button applied[0m
[32m-- 16: Clicked on an internal link[0m
[34m---- 41: Selecting dimensions...[0m
[32m---- 41: Selected Browser: chrome[0m
[32m---- 41: Selected Device: desktop[0m
[32m---- 41: Selected Source: paid media[0m
[32m---- 41: Selected Consent level: allow-all-button[0m
[32m---- 41: Selected browsing_flow[0m
[32m-- 41: execute_browsing_flow fired[0m
[34m** 41: I'm starting the browser setup for chrome[0m
[32m-- 41: browser was correctly setup[0m
[32m-- 41: Selected utms: ?utm_source=google&utm_medium=cpc&utm_campaign=test_SEM_campaign[0m
[32m-- 41: Landing page was correctly setup[0m
[34m-- 41: Starting navigation at http://www.thefairycodemother.com/web_playground/kiwis.php?utm_source=google&utm_medium=cpc&utm_campaign=test_SEM_campaign..[0m
[32m** consent was given successfully as: allow-all-button[0m
[32m-- 41: consent allow-all-button applied[0m
[32m-- 41: Clicked on an internal link[0m
[34m---- 58: Selecting dimensions...[0m
[32m---- 58: Selected Browser: chrome[0m
[32m---- 58: Selected Device: mobile[0m
[32m---- 58: Selected Source: paid media[0m
[32m---- 58: Selected Consent level: allow-all-button[0m
[32m---- 58: Selected browsing_flow[0m
[32m-- 58: execute_browsing_flow fired[0m
[34m** 58: I'm starting the browser setup for chrome[0m
[32m-- 58: browser was correctly setup[0m
[32m-- 58: Selected utms: ?utm_source=google&utm_medium=cpc&utm_campaign=test_SEM_campaign[0m
[32m-- 58: Landing page was correctly setup[0m
[34m-- 58: Starting navigation at http://www.thefairycodemother.com/web_playground/oranges.php?utm_source=google&utm_medium=cpc&utm_campaign=test_SEM_campaign..[0m
[32m** consent was given successfully as: allow-all-button[0m
[32m-- 58: consent allow-all-button applied[0m
[32m-- 58: Clicked on an internal link[0m
[34m---- 2: Selecting dimensions...[0m
[32m---- 2: Selected Browser: chrome[0m
[32m---- 2: Selected Device: mobile[0m
[32m---- 2: Selected Source: organic[0m
[32m---- 2: Selected Consent level: allow-all-button[0m
[32m---- 2: Selected browsing_flow[0m
[32m-- 2: execute_browsing_flow fired[0m
[34m** 2: I'm starting the browser setup for chrome[0m
[32m-- 2: browser was correctly setup[0m
[32m-- 2: Selected utms: ?utm_source=google&utm_medium=organic[0m
[32m-- 2: Landing page was correctly setup[0m
[34m-- 2: Starting navigation at http://www.thefairycodemother.com/web_playground/home.php?utm_source=google&utm_medium=organic..[0m
[32m** consent was given successfully as: allow-all-button[0m
[32m-- 2: consent allow-all-button applied[0m
[32m-- 2: Clicked on an internal link[0m
[34m-- 2: product page branch started[0m
[32m-- 2:  got to product page[0m
[34m---- 42: Selecting dimensions...[0m
[32m---- 42: Selected Browser: chrome[0m
[32m---- 42: Selected Device: mobile[0m
[32m---- 42: Selected Source: organic[0m
[32m---- 42: Selected Consent level: deny-all-button[0m
[32m---- 42: Selected browsing_flow[0m
[32m-- 42: execute_browsing_flow fired[0m
[34m** 42: I'm starting the browser setup for chrome[0m
[32m-- 42: browser was correctly setup[0m
[32m-- 42: Selected utms: ?utm_source=google&utm_medium=organic[0m
[32m-- 42: Landing page was correctly setup[0m
[34m-- 42: Starting navigation at http://www.thefairycodemother.com/web_playground/apples/2.php?utm_source=google&utm_medium=organic..[0m
[32m** consent was given successfully as: deny-all-button[0m
[32m-- 42: consent deny-all-button applied[0m
[32m-- 42: Clicked on an internal link[0m
[34m---- 67: Selecting dimensions...[0m
[32m---- 67: Selected Browser: chrome[0m
[32m---- 67: Selected Device: desktop[0m
[32m---- 67: Selected Source: paid media[0m
[32m---- 67: Selected Consent level: deny-all-button[0m
[32m---- 67: Selected browsing_flow[0m
[32m-- 67: execute_browsing_flow fired[0m
[34m** 67: I'm starting the browser setup for chrome[0m
[32m-- 67: browser was correctly setup[0m
[32m-- 67: Selected utms: ?utm_source=google&utm_medium=cpc&utm_campaign=test_SEM_campaign[0m
[32m-- 67: Landing page was correctly setup[0m
[34m-- 67: Starting navigation at http://www.thefairycodemother.com/web_playground/kiwis.php?utm_source=google&utm_medium=cpc&utm_campaign=test_SEM_campaign..[0m
[32m** consent was given successfully as: deny-all-button[0m
[32m-- 67: consent deny-all-button applied[0m
[32m-- 67: Clicked on an internal link[0m
[34m-- 67: product page branch started[0m
[32m-- 67:  got to product page[0m
[34m-- 67: add to cart branch started[0m
[32m-- 67: added to cart[0m
[34m---- 80: Selecting dimensions...[0m
[32m---- 80: Selected Browser: chrome[0m
[32m---- 80: Selected Device: mobile[0m
[32m---- 80: Selected Source: paid media[0m
[32m---- 80: Selected Consent level: deny-all-button[0m
[32m---- 80: Selected browsing_flow[0m
[32m-- 80: execute_browsing_flow fired[0m
[34m** 80: I'm starting the browser setup for chrome[0m
[32m-- 80: browser was correctly setup[0m
[32m-- 80: Selected utms: ?utm_source=google&utm_medium=cpc&utm_campaign=test_SEM_campaign[0m
[32m-- 80: Landing page was correctly setup[0m
[34m-- 80: Starting navigation at http://www.thefairycodemother.com/web_playground/kiwis/1.php?utm_source=google&utm_medium=cpc&utm_campaign=test_SEM_campaign..[0m
[32m** consent was given successfully as: deny-all-button[0m
[32m-- 80: consent deny-all-button applied[0m
[32m-- 80: Clicked on an internal link[0m
[34m-- 80: product page branch started[0m
[32m-- 80:  got to product page[0m
[34m-- 80: add to cart branch started[0m
[32m-- 80: added to cart[0m
[34m---- 61: Selecting dimensions...[0m
[32m---- 61: Selected Browser: chrome[0m
[32m---- 61: Selected Device: mobile[0m
[32m---- 61: Selected Source: organic[0m
[32m---- 61: Selected Consent level: allow-all-button[0m
[32m---- 61: Selected browsing_flow[0m
[32m-- 61: execute_browsing_flow fired[0m
[34m** 61: I'm starting the browser setup for chrome[0m
[32m-- 61: browser was correctly setup[0m
[32m-- 61: Selected utms: ?utm_source=google&utm_medium=organic[0m
[32m-- 61: Landing page was correctly setup[0m
[34m-- 61: Starting navigation at http://www.thefairycodemother.com/web_playground/apples.php?utm_source=google&utm_medium=organic..[0m
[32m** consent was given successfully as: allow-all-button[0m
[32m-- 61: consent allow-all-button applied[0m
[32m-- 61: Clicked on an internal link[0m
[34m-- 61: product page branch started[0m
[32m-- 61:  got to product page[0m
[34m-- 61: add to cart branch started[0m
[32m-- 61: added to cart[0m
[34m---- 29: Selecting dimensions...[0m
[32m---- 29: Selected Browser: chrome[0m
[32m---- 29: Selected Device: mobile[0m
[32m---- 29: Selected Source: paid media[0m
[32m---- 29: Selected Consent level: allow-all-button[0m
[32m---- 29: Selected browsing_flow[0m
[32m-- 29: execute_browsing_flow fired[0m
[34m** 29: I'm starting the browser setup for chrome[0m
[32m-- 29: browser was correctly setup[0m
[32m-- 29: Selected utms: ?utm_source=google&utm_medium=cpc&utm_campaign=test_SEM_campaign[0m
[32m-- 29: Landing page was correctly setup[0m
[34m-- 29: Starting navigation at http://www.thefairycodemother.com/web_playground/oranges/3.php?utm_source=google&utm_medium=cpc&utm_campaign=test_SEM_campaign..[0m
[32m** consent was given successfully as: allow-all-button[0m
[32m-- 29: consent allow-all-button applied[0m
[32m-- 29: Clicked on an internal link[0m
[34m-- 29: product page branch started[0m
[32m-- 29:  got to product page[0m
[34m-- 29: add to cart branch started[0m
[32m-- 29: added to cart[0m
[34m---- 63: Selecting dimensions...[0m
[32m---- 63: Selected Browser: chrome[0m
[32m---- 63: Selected Device: mobile[0m
[32m---- 63: Selected Source: organic[0m
[32m---- 63: Selected Consent level: deny-all-button[0m
[32m---- 63: Selected browsing_flow[0m
[32m-- 63: execute_browsing_flow fired[0m
[34m** 63: I'm starting the browser setup for chrome[0m
[32m-- 63: browser was correctly setup[0m
[32m-- 63: Selected utms: ?utm_source=google&utm_medium=organic[0m
[32m-- 63: Landing page was correctly setup[0m
[34m-- 63: Starting navigation at http://www.thefairycodemother.com/web_playground/home.php?utm_source=google&utm_medium=organic..[0m
[32m** consent was given successfully as: deny-all-button[0m
[32m-- 63: consent deny-all-button applied[0m
[32m-- 63: Clicked on an internal link[0m
[34m-- 63: product page branch started[0m
[32m-- 63:  got to product page[0m
[34m-- 63: add to cart branch started[0m
[32m-- 63: added to cart[0m
[34m---- 7: Selecting dimensions...[0m
[32m---- 7: Selected Browser: chrome[0m
[32m---- 7: Selected Device: mobile[0m
[32m---- 7: Selected Source: organic[0m
[32m---- 7: Selected Consent level: deny-all-button[0m
[32m---- 7: Selected browsing_flow[0m
[32m-- 7: execute_browsing_flow fired[0m
[34m** 7: I'm starting the browser setup for chrome[0m
[32m-- 7: browser was correctly setup[0m
[32m-- 7: Selected utms: ?utm_source=google&utm_medium=organic[0m
[32m-- 7: Landing page was correctly setup[0m
[34m-- 7: Starting navigation at http://www.thefairycodemother.com/web_playground/oranges/2.php?utm_source=google&utm_medium=organic..[0m
[32m** consent was given successfully as: deny-all-button[0m
[32m-- 7: consent deny-all-button applied[0m
[32m-- 7: Clicked on an internal link[0m
[34m-- 7: product page branch started[0m
[32m-- 7:  got to product page[0m
[34m---- 14: Selecting dimensions...[0m
[32m---- 14: Selected Browser: chrome[0m
[32m---- 14: Selected Device: desktop[0m
[32m---- 14: Selected Source: paid media[0m
[32m---- 14: Selected Consent level: deny-all-button[0m
[32m---- 14: Selected browsing_flow[0m
[32m-- 14: execute_browsing_flow fired[0m
[34m** 14: I'm starting the browser setup for chrome[0m
[32m-- 14: browser was correctly setup[0m
[32m-- 14: Selected utms: ?utm_source=google&utm_medium=cpc&utm_campaign=test_SEM_campaign[0m
[32m-- 14: Landing page was correctly setup[0m
[34m-- 14: Starting navigation at http://www.thefairycodemother.com/web_playground/kiwis.php?utm_source=google&utm_medium=cpc&utm_campaign=test_SEM_campaign..[0m
[32m** consent was given successfully as: deny-all-button[0m
[32m-- 14: consent deny-all-button applied[0m
[32m-- 14: Clicked on an internal link[0m
[34m-- 14: product page branch started[0m
[32m-- 14:  got to product page[0m
[34m---- 56: Selecting dimensions...[0m
[32m---- 56: Selected Browser: chrome[0m
[32m---- 56: Selected Device: mobile[0m
[32m---- 56: Selected Source: paid media[0m
[32m---- 56: Selected Consent level: allow-all-button[0m
[32m---- 56: Selected browsing_flow[0m
[32m-- 56: execute_browsing_flow fired[0m
[34m** 56: I'm starting the browser setup for chrome[0m
[32m-- 56: browser was correctly setup[0m
[32m-- 56: Selected utms: ?utm_source=google&utm_medium=cpc&utm_campaign=test_SEM_campaign[0m
[32m-- 56: Landing page was correctly setup[0m
[34m-- 56: Starting navigation at http://www.thefairycodemother.com/web_playground/home.php?utm_source=google&utm_medium=cpc&utm_campaign=test_SEM_campaign..[0m
[32m-- 56: consent allow-all-button applied[0m
[32m-- 56: Clicked on an internal link[0m
[34m-- 56: product page branch started[0m
[32m-- 56:  got to product page[0m
[34m-- 56: add to cart branch started[0m
[32m-- 56: added to cart[0m
[34m---- 59: Selecting dimensions...[0m
[32m---- 59: Selected Browser: chrome[0m
[32m---- 59: Selected Device: mobile[0m
[32m---- 59: Selected Source: organic[0m
[32m---- 59: Selected Consent level: allow-all-button[0m
[32m---- 59: Selected browsing_flow[0m
[32m-- 59: execute_browsing_flow fired[0m
[34m** 59: I'm starting the browser setup for chrome[0m
[32m-- 59: browser was correctly setup[0m
[32m-- 59: Selected utms: ?utm_source=google&utm_medium=organic[0m
[32m-- 59: Landing page was correctly setup[0m
[34m-- 59: Starting navigation at http://www.thefairycodemother.com/web_playground/apples/1.php?utm_source=google&utm_medium=organic..[0m
[32m** consent was given successfully as: allow-all-button[0m
[32m-- 59: consent allow-all-button applied[0m
[32m-- 59: Clicked on an internal link[0m
[34m-- 59: product page branch started[0m
[32m-- 59:  got to product page[0m
[34m---- 12: Selecting dimensions...[0m
[32m---- 12: Selected Browser: chrome[0m
[32m---- 12: Selected Device: mobile[0m
[32m---- 12: Selected Source: direct[0m
[32m---- 12: Selected Consent level: allow-all-button[0m
[32m---- 12: Selected browsing_flow[0m
[32m-- 12: execute_browsing_flow fired[0m
[34m** 12: I'm starting the browser setup for chrome[0m
[32m-- 12: browser was correctly setup[0m
[32m-- 12: Selected utms: [0m
[32m-- 12: Landing page was correctly setup[0m
[34m-- 12: Starting navigation at http://www.thefairycodemother.com/web_playground/oranges.php..[0m
[32m** consent was given successfully as: allow-all-button[0m
[32m-- 12: consent allow-all-button applied[0m
[32m-- 12: Clicked on an internal link[0m
[34m-- 12: product page branch started[0m
[32m-- 12:  got to product page[0m
[34m---- 55: Selecting dimensions...[0m
[32m---- 55: Selected Browser: chrome[0m
[32m---- 55: Selected Device: mobile[0m
[32m---- 55: Selected Source: direct[0m
[32m---- 55: Selected Consent level: allow-all-button[0m
[32m---- 55: Selected browsing_flow[0m
[32m-- 55: execute_browsing_flow fired[0m
[34m** 55: I'm starting the browser setup for chrome[0m
[32m-- 55: browser was correctly setup[0m
[32m-- 55: Selected utms: [0m
[32m-- 55: Landing page was correctly setup[0m
[34m-- 55: Starting navigation at http://www.thefairycodemother.com/web_playground/oranges/1.php..[0m
[32m** consent was given successfully as: allow-all-button[0m
[32m-- 55: consent allow-all-button applied[0m
[32m-- 55: Clicked on an internal link[0m
[34m-- 55: product page branch started[0m
[32m-- 55:  got to product page[0m
[34m-- 55: add to cart branch started[0m
[32m-- 55: added to cart[0m
[34m---- 6: Selecting dimensions...[0m
[32m---- 6: Selected Browser: chrome[0m
[32m---- 6: Selected Device: mobile[0m
[32m---- 6: Selected Source: organic[0m
[32m---- 6: Selected Consent level: deny-all-button[0m
[32m---- 6: Selected browsing_flow[0m
[32m-- 6: execute_browsing_flow fired[0m
[34m** 6: I'm starting the browser setup for chrome[0m
[32m-- 6: browser was correctly setup[0m
[32m-- 6: Selected utms: ?utm_source=google&utm_medium=organic[0m
[32m-- 6: Landing page was correctly setup[0m
[34m-- 6: Starting navigation at http://www.thefairycodemother.com/web_playground/home.php?utm_source=google&utm_medium=organic..[0m
[32m-- 6: consent deny-all-button applied[0m
[32m-- 6: Clicked on an internal link[0m
[34m-- 6: product page branch started[0m
[32m-- 6:  got to product page[0m
[34m-- 6: add to cart branch started[0m
[32m-- 6: added to cart[0m
[34m---- 9: Selecting dimensions...[0m
[32m---- 9: Selected Browser: chrome[0m
[32m---- 9: Selected Device: mobile[0m
[32m---- 9: Selected Source: social media[0m
[32m---- 9: Selected Consent level: allow-all-button[0m
[32m---- 9: Selected browsing_flow[0m
[32m-- 9: execute_browsing_flow fired[0m
[34m** 9: I'm starting the browser setup for chrome[0m
[32m-- 9: browser was correctly setup[0m
[32m-- 9: Selected utms: ?utm_source=facebook.com&utm_medium=paid_social&utm_campaign=social_campaign_test1[0m
[32m-- 9: Landing page was correctly setup[0m
[34m-- 9: Starting navigation at http://www.thefairycodemother.com/web_playground/home.php?utm_source=facebook.com&utm_medium=paid_social&utm_campaign=social_campaign_test1..[0m
[32m-- 9: consent allow-all-button applied[0m
[32m-- 9: Clicked on an internal link[0m
[34m-- 9: product page branch started[0m
[32m-- 9:  got to product page[0m
[34m-- 9: add to cart branch started[0m
[32m-- 9: added to cart[0m
[34m---- 17: Selecting dimensions...[0m
[32m---- 17: Selected Browser: chrome[0m
[32m---- 17: Selected Device: desktop[0m
[32m---- 17: Selected Source: organic[0m
[32m---- 17: Selected Consent level: allow-all-button[0m
[32m---- 17: Selected browsing_flow[0m
[32m-- 17: execute_browsing_flow fired[0m
[34m** 17: I'm starting the browser setup for chrome[0m
[32m-- 17: browser was correctly setup[0m
[32m-- 17: Selected utms: ?utm_source=google&utm_medium=organic[0m
[32m-- 17: Landing page was correctly setup[0m
[34m-- 17: Starting navigation at http://www.thefairycodemother.com/web_playground/oranges.php?utm_source=google&utm_medium=organic..[0m
[32m** consent was given successfully as: allow-all-button[0m
[32m-- 17: consent allow-all-button applied[0m
[32m-- 17: Clicked on an internal link[0m
[34m-- 17: product page branch started[0m
[32m-- 17:  got to product page[0m
[34m-- 17: add to cart branch started[0m
[32m-- 17: added to cart[0m
[34m---- 45: Selecting dimensions...[0m
[32m---- 45: Selected Browser: chrome[0m
[32m---- 45: Selected Device: mobile[0m
[32m---- 45: Selected Source: organic[0m
[32m---- 45: Selected Consent level: allow-all-button[0m
[32m---- 45: Selected browsing_flow[0m
[32m-- 45: execute_browsing_flow fired[0m
[34m** 45: I'm starting the browser setup for chrome[0m
[32m-- 45: browser was correctly setup[0m
[32m-- 45: Selected utms: ?utm_source=google&utm_medium=organic[0m
[32m-- 45: Landing page was correctly setup[0m
[34m-- 45: Starting navigation at http://www.thefairycodemother.com/web_playground/kiwis.php?utm_source=google&utm_medium=organic..[0m
[32m** consent was given successfully as: allow-all-button[0m
[32m-- 45: consent allow-all-button applied[0m
[32m-- 45: Clicked on an internal link[0m
[34m-- 45: product page branch started[0m
[32m-- 45:  got to product page[0m
[34m-- 45: add to cart branch started[0m
[32m-- 45: added to cart[0m
[34m---- 15: Selecting dimensions...[0m
[32m---- 15: Selected Browser: chrome[0m
[32m---- 15: Selected Device: mobile[0m
[32m---- 15: Selected Source: paid media[0m
[32m---- 15: Selected Consent level: allow-all-button[0m
[32m---- 15: Selected purchase_flow[0m
[32m-- 15: execute_purchase_flow fired[0m
[34m** 15: I'm starting the browser setup for chrome[0m
[32m-- 15: Selected utms: ?utm_source=google&utm_medium=cpc&utm_campaign=test_SEM_campaign[0m
[32m-- got to product page[0m
[32m** Added to cart[0m
[32m-- 15: begin checkout[0m
[32m-- 15: purchase happened[0m
[34m---- 77: Selecting dimensions...[0m
[32m---- 77: Selected Browser: chrome[0m
[32m---- 77: Selected Device: desktop[0m
[32m---- 77: Selected Source: paid media[0m
[32m---- 77: Selected Consent level: deny-all-button[0m
[32m---- 77: Selected purchase_flow[0m
[32m-- 77: execute_purchase_flow fired[0m
[34m** 77: I'm starting the browser setup for chrome[0m
[32m-- 77: Selected utms: ?utm_source=google&utm_medium=cpc&utm_campaign=test_SEM_campaign[0m
[32m** consent was given successfully as: deny-all-button[0m
[35m** ga_cookie is None[0m
[32m-- got to product page[0m
[32m** Added to cart[0m
[32m-- 77: begin checkout[0m
[32m-- 77: purchase happened[0m
[34m---- 81: Selecting dimensions...[0m
[32m---- 81: Selected Browser: chrome[0m
[32m---- 81: Selected Device: mobile[0m
[32m---- 81: Selected Source: direct[0m
[32m---- 81: Selected Consent level: allow-all-button[0m
[32m---- 81: Selected purchase_flow[0m
[32m-- 81: execute_purchase_flow fired[0m
[34m** 81: I'm starting the browser setup for chrome[0m
[32m-- 81: Selected utms: [0m
[32m** consent was given successfully as: allow-all-button[0m
[32m-- got to product page[0m
[32m** Added to cart[0m
[32m-- 81: begin checkout[0m
[32m-- 81: purchase happened[0m
[34m---- 50: Selecting dimensions...[0m
[32m---- 50: Selected Browser: chrome[0m
[32m---- 50: Selected Device: mobile[0m
[32m---- 50: Selected Source: organic[0m
[32m---- 50: Selected Consent level: allow-all-button[0m
[32m---- 50: Selected purchase_flow[0m
[32m-- 50: execute_purchase_flow fired[0m
[34m** 50: I'm starting the browser setup for chrome[0m
[32m-- 50: Selected utms: ?utm_source=google&utm_medium=organic[0m
[32m-- got to product page[0m
[32m** Added to cart[0m
[32m-- 50: begin checkout[0m
[32m-- 50: purchase happened[0m
[34m---- 74: Selecting dimensions...[0m
[32m---- 74: Selected Browser: chrome[0m
[32m---- 74: Selected Device: mobile[0m
[32m---- 74: Selected Source: paid media[0m
[32m---- 74: Selected Consent level: allow-all-button[0m
[32m---- 74: Selected purchase_flow[0m
[32m-- 74: execute_purchase_flow fired[0m
[34m** 74: I'm starting the browser setup for chrome[0m
[32m-- 74: Selected utms: ?utm_source=google&utm_medium=cpc&utm_campaign=test_SEM_campaign[0m
[32m-- got to product page[0m
[32m** Added to cart[0m
[32m-- 74: begin checkout[0m
[32m-- 74: purchase happened[0m
[34m---- 10: Selecting dimensions...[0m
[32m---- 10: Selected Browser: chrome[0m
[32m---- 10: Selected Device: mobile[0m
[32m---- 10: Selected Source: paid media[0m
[32m---- 10: Selected Consent level: allow-all-button[0m
[32m---- 10: Selected purchase_flow[0m
[32m-- 10: execute_purchase_flow fired[0m
[34m** 10: I'm starting the browser setup for chrome[0m
[32m-- 10: Selected utms: ?utm_source=google&utm_medium=cpc&utm_campaign=test_SEM_campaign[0m
[32m-- got to product page[0m
[32m** Added to cart[0m
[32m-- 10: begin checkout[0m
[32m-- 10: purchase happened[0m
[34m---- 70: Selecting dimensions...[0m
[32m---- 70: Selected Browser: chrome[0m
[32m---- 70: Selected Device: desktop[0m
[32m---- 70: Selected Source: direct[0m
[32m---- 70: Selected Consent level: allow-all-button[0m
[32m---- 70: Selected purchase_flow[0m
[32m-- 70: execute_purchase_flow fired[0m
[34m** 70: I'm starting the browser setup for chrome[0m
[32m-- 70: Selected utms: [0m
[32m-- got to product page[0m
[32m** Added to cart[0m
[32m-- 70: begin checkout[0m
[32m-- 70: purchase happened[0m
[34m---- 75: Selecting dimensions...[0m
[32m---- 75: Selected Browser: chrome[0m
[32m---- 75: Selected Device: mobile[0m
[32m---- 75: Selected Source: organic[0m
[32m---- 75: Selected Consent level: allow-all-button[0m
[32m---- 75: Selected purchase_flow[0m
[32m-- 75: execute_purchase_flow fired[0m
[34m** 75: I'm starting the browser setup for chrome[0m
[32m-- 75: Selected utms: ?utm_source=google&utm_medium=organic[0m
[32m** consent was given successfully as: allow-all-button[0m
[32m-- got to product page[0m
[32m** Added to cart[0m
[32m-- 75: begin checkout[0m
[32m-- 75: purchase happened[0m
[34m---- 62: Selecting dimensions...[0m
[32m---- 62: Selected Browser: chrome[0m
[32m---- 62: Selected Device: desktop[0m
[32m---- 62: Selected Source: paid media[0m
[32m---- 62: Selected Consent level: allow-all-button[0m
[32m---- 62: Selected purchase_flow[0m
[32m-- 62: execute_purchase_flow fired[0m
[34m** 62: I'm starting the browser setup for chrome[0m
[32m-- 62: Selected utms: ?utm_source=google&utm_medium=cpc&utm_campaign=test_SEM_campaign[0m
[32m** consent was given successfully as: allow-all-button[0m
[32m-- got to product page[0m
[32m** Added to cart[0m
[32m-- 62: begin checkout[0m
[32m-- 62: purchase happened[0m
[34m---- 84: Selecting dimensions...[0m
[32m---- 84: Selected Browser: chrome[0m
[32m---- 84: Selected Device: mobile[0m
[32m---- 84: Selected Source: paid media[0m
[32m---- 84: Selected Consent level: allow-all-button[0m
[32m---- 84: Selected purchase_flow[0m
[32m-- 84: execute_purchase_flow fired[0m
[34m** 84: I'm starting the browser setup for chrome[0m
[32m-- 84: Selected utms: ?utm_source=google&utm_medium=cpc&utm_campaign=test_SEM_campaign[0m
[32m** consent was given successfully as: allow-all-button[0m
[32m-- got to product page[0m
[32m** Added to cart[0m
[32m-- 84: begin checkout[0m
[32m-- 84: purchase happened[0m
[34m---- 57: Selecting dimensions...[0m
[32m---- 57: Selected Browser: chrome[0m
[32m---- 57: Selected Device: mobile[0m
[32m---- 57: Selected Source: paid media[0m
[32m---- 57: Selected Consent level: allow-all-button[0m
[32m---- 57: Selected purchase_flow[0m
[32m-- 57: execute_purchase_flow fired[0m
[34m** 57: I'm starting the browser setup for chrome[0m
[32m-- 57: Selected utms: ?utm_source=google&utm_medium=cpc&utm_campaign=test_SEM_campaign[0m
[32m-- got to product page[0m
[32m** Added to cart[0m
[32m-- 57: begin checkout[0m
[32m-- 57: purchase happened[0m
[34m---- 3: Selecting dimensions...[0m
[32m---- 3: Selected Browser: chrome[0m
[32m---- 3: Selected Device: mobile[0m
[32m---- 3: Selected Source: organic[0m
[32m---- 3: Selected Consent level: deny-all-button[0m
[32m---- 3: Selected purchase_flow[0m
[32m-- 3: execute_purchase_flow fired[0m
[34m** 3: I'm starting the browser setup for chrome[0m
[32m-- 3: Selected utms: ?utm_source=google&utm_medium=organic[0m
[32m-- got to product page[0m
[32m** Added to cart[0m
[32m-- 3: begin checkout[0m
[32m-- 3: purchase happened[0m
[34m---- 46: Selecting dimensions...[0m
[32m---- 46: Selected Browser: chrome[0m
[32m---- 46: Selected Device: mobile[0m
[32m---- 46: Selected Source: direct[0m
[32m---- 46: Selected Consent level: allow-all-button[0m
[32m---- 46: Selected purchase_flow[0m
[32m-- 46: execute_purchase_flow fired[0m
[34m** 46: I'm starting the browser setup for chrome[0m
[32m-- 46: Selected utms: [0m
[32m-- got to product page[0m
[32m** Added to cart[0m
[32m-- 46: begin checkout[0m
[32m-- 46: purchase happened[0m
[34m---- 27: Selecting dimensions...[0m
[32m---- 27: Selected Browser: chrome[0m
[32m---- 27: Selected Device: desktop[0m
[32m---- 27: Selected Source: direct[0m
[32m---- 27: Selected Consent level: allow-all-button[0m
[32m---- 27: Selected purchase_flow[0m
[32m-- 27: execute_purchase_flow fired[0m
[34m** 27: I'm starting the browser setup for chrome[0m
[32m-- 27: Selected utms: [0m
[32m-- got to product page[0m
[32m** Added to cart[0m
[32m-- 27: begin checkout[0m
[32m-- 27: purchase happened[0m
[34m---- 35: Selecting dimensions...[0m
[32m---- 35: Selected Browser: chrome[0m
[32m---- 35: Selected Device: mobile[0m
[32m---- 35: Selected Source: paid media[0m
[32m---- 35: Selected Consent level: allow-all-button[0m
[32m---- 35: Selected purchase_flow[0m
[32m-- 35: execute_purchase_flow fired[0m
[34m** 35: I'm starting the browser setup for chrome[0m
[32m-- 35: Selected utms: ?utm_source=google&utm_medium=cpc&utm_campaign=test_SEM_campaign[0m
[32m-- got to product page[0m
[32m** Added to cart[0m
[32m-- 35: begin checkout[0m
[32m-- 35: purchase happened[0m
[34m---- 48: Selecting dimensions...[0m
[32m---- 48: Selected Browser: chrome[0m
[32m---- 48: Selected Device: desktop[0m
[32m---- 48: Selected Source: paid media[0m
[32m---- 48: Selected Consent level: allow-all-button[0m
[32m---- 48: Selected purchase_flow[0m
[32m-- 48: execute_purchase_flow fired[0m
[34m** 48: I'm starting the browser setup for chrome[0m
[32m-- 48: Selected utms: ?utm_source=google&utm_medium=cpc&utm_campaign=test_SEM_campaign[0m
[32m-- got to product page[0m
[32m** Added to cart[0m
[32m-- 48: begin checkout[0m
[32m-- 48: purchase happened[0m
[34m---- 71: Selecting dimensions...[0m
[32m---- 71: Selected Browser: chrome[0m
[32m---- 71: Selected Device: mobile[0m
[32m---- 71: Selected Source: paid media[0m
[32m---- 71: Selected Consent level: allow-all-button[0m
[32m---- 71: Selected purchase_flow[0m
[32m-- 71: execute_purchase_flow fired[0m
[34m** 71: I'm starting the browser setup for chrome[0m
[32m-- 71: Selected utms: ?utm_source=google&utm_medium=cpc&utm_campaign=test_SEM_campaign[0m
[32m-- got to product page[0m
[32m** Added to cart[0m
[32m-- 71: begin checkout[0m
[32m-- 71: purchase happened[0m
[34m---- 26: Selecting dimensions...[0m
[32m---- 26: Selected Browser: chrome[0m
[32m---- 26: Selected Device: mobile[0m
[32m---- 26: Selected Source: paid media[0m
[32m---- 26: Selected Consent level: allow-all-button[0m
[32m---- 26: Selected purchase_flow[0m
[32m-- 26: execute_purchase_flow fired[0m
[34m** 26: I'm starting the browser setup for chrome[0m
[32m-- 26: Selected utms: ?utm_source=google&utm_medium=cpc&utm_campaign=test_SEM_campaign[0m
[32m-- got to product page[0m
[32m** Added to cart[0m
[32m-- 26: begin checkout[0m
[32m-- 26: purchase happened[0m
[34m---- 21: Selecting dimensions...[0m
[32m---- 21: Selected Browser: chrome[0m
[32m---- 21: Selected Device: desktop[0m
[32m---- 21: Selected Source: organic[0m
[32m---- 21: Selected Consent level: deny-all-button[0m
[32m---- 21: Selected purchase_flow[0m
[32m-- 21: execute_purchase_flow fired[0m
[34m** 21: I'm starting the browser setup for chrome[0m
[32m-- 21: Selected utms: ?utm_source=google&utm_medium=organic[0m
[32m-- got to product page[0m
[32m** Added to cart[0m
[32m-- 21: begin checkout[0m
[32m-- 21: purchase happened[0m
[34m---- 20: Selecting dimensions...[0m
[32m---- 20: Selected Browser: chrome[0m
[32m---- 20: Selected Device: desktop[0m
[32m---- 20: Selected Source: paid media[0m
[32m---- 20: Selected Consent level: allow-all-button[0m
[32m---- 20: Selected purchase_flow[0m
[32m-- 20: execute_purchase_flow fired[0m
[34m** 20: I'm starting the browser setup for chrome[0m
[32m-- 20: Selected utms: ?utm_source=google&utm_medium=cpc&utm_campaign=test_SEM_campaign[0m
[32m-- got to product page[0m
[32m** Added to cart[0m
[32m-- 20: begin checkout[0m
[32m-- 20: purchase happened[0m
[34m---- 13: Selecting dimensions...[0m
[32m---- 13: Selected Browser: chrome[0m
[32m---- 13: Selected Device: desktop[0m
[32m---- 13: Selected Source: organic[0m
[32m---- 13: Selected Consent level: deny-all-button[0m
[32m---- 13: Selected purchase_flow[0m
[32m-- 13: execute_purchase_flow fired[0m
[34m** 13: I'm starting the browser setup for chrome[0m
[32m-- 13: Selected utms: ?utm_source=google&utm_medium=organic[0m
[32m** consent was given successfully as: deny-all-button[0m
[35m** ga_cookie is None[0m
[32m-- got to product page[0m
[32m** Added to cart[0m
[32m-- 13: begin checkout[0m
[32m-- 13: purchase happened[0m
[34m---- 11: Selecting dimensions...[0m
[32m---- 11: Selected Browser: chrome[0m
[32m---- 11: Selected Device: mobile[0m
[32m---- 11: Selected Source: paid media[0m
[32m---- 11: Selected Consent level: allow-all-button[0m
[32m---- 11: Selected purchase_flow[0m
[32m-- 11: execute_purchase_flow fired[0m
[34m** 11: I'm starting the browser setup for chrome[0m
[32m-- 11: Selected utms: ?utm_source=google&utm_medium=cpc&utm_campaign=test_SEM_campaign[0m
[32m** consent was given successfully as: allow-all-button[0m
[32m-- got to product page[0m
[32m** Added to cart[0m
[32m-- 11: begin checkout[0m
[32m-- 11: purchase happened[0m
[34m---- 82: Selecting dimensions...[0m
[32m---- 82: Selected Browser: chrome[0m
[32m---- 82: Selected Device: mobile[0m
[32m---- 82: Selected Source: paid media[0m
[32m---- 82: Selected Consent level: deny-all-button[0m
[32m---- 82: Selected purchase_flow[0m
[32m-- 82: execute_purchase_flow fired[0m
[34m** 82: I'm starting the browser setup for chrome[0m
[32m-- 82: Selected utms: ?utm_source=google&utm_medium=cpc&utm_campaign=test_SEM_campaign[0m
[32m** consent was given successfully as: deny-all-button[0m
[35m** ga_cookie is None[0m
[32m-- got to product page[0m
[32m** Added to cart[0m
[32m-- 82: begin checkout[0m
[32m-- 82: purchase happened[0m
[34m---- 19: Selecting dimensions...[0m
[32m---- 19: Selected Browser: chrome[0m
[32m---- 19: Selected Device: mobile[0m
[32m---- 19: Selected Source: paid media[0m
[32m---- 19: Selected Consent level: deny-all-button[0m
[32m---- 19: Selected purchase_flow[0m
[32m-- 19: execute_purchase_flow fired[0m
[34m** 19: I'm starting the browser setup for chrome[0m
[32m-- 19: Selected utms: ?utm_source=google&utm_medium=cpc&utm_campaign=test_SEM_campaign[0m
[32m** consent was given successfully as: deny-all-button[0m
[35m** ga_cookie is None[0m
[32m-- got to product page[0m
[32m** Added to cart[0m
[32m-- 19: begin checkout[0m
[32m-- 19: purchase happened[0m
